{"level":"info","message":{"duration":"23ms","method":"GET","params":{},"path":"/health","query":{},"status":200},"timestamp":"2026-03-08T17:48:57.082Z"}
{"level":"info","message":{"duration":"1ms","method":"GET","path":"/favicon.ico","query":{},"status":404},"timestamp":"2026-03-08T17:48:57.227Z"}
{"level":"info","message":{"duration":"1ms","method":"GET","path":"/healthdetailed","query":{},"status":404},"timestamp":"2026-03-08T17:50:47.891Z"}
{"level":"info","message":{"duration":"0ms","method":"GET","path":"/healthdetail","query":{},"status":404},"timestamp":"2026-03-08T17:50:56.624Z"}
{"level":"info","message":{"duration":"5ms","method":"GET","params":{},"path":"/health/detailed","query":{},"status":200},"timestamp":"2026-03-08T17:51:22.609Z"}
{"level":"info","message":{"duration":"4ms","method":"GET","params":{},"path":"/health/detailed","query":{},"status":200},"timestamp":"2026-03-08T17:53:11.199Z"}
{"level":"info","message":"Retrieved 0 courses successfully","timestamp":"2026-03-08T18:20:38.963Z"}
{"level":"info","message":{"duration":"197ms","method":"GET","params":{},"path":"/api/courses","query":{},"status":200},"timestamp":"2026-03-08T18:20:38.999Z"}
{"level":"info","message":"Retrieved 0 courses successfully","timestamp":"2026-03-08T18:20:39.005Z"}
{"level":"info","message":{"duration":"5ms","method":"GET","params":{},"path":"/api/courses","query":{},"status":304},"timestamp":"2026-03-08T18:20:39.007Z"}
{"level":"info","message":"Retrieved 0 students successfully","timestamp":"2026-03-08T18:33:04.332Z"}
{"level":"info","message":{"duration":"57ms","method":"GET","params":{},"path":"/api/students","query":{},"status":200},"timestamp":"2026-03-08T18:33:04.348Z"}
{"activeCourses":0,"activeStudents":0,"courseCounts":[],"graduates":0,"level":"info","message":"Dashboard statistics retrieved successfully:","successRate":0,"timestamp":"2026-03-08T18:33:04.421Z","totalCourses":0,"totalStudents":0}
{"level":"info","message":{"duration":"114ms","method":"GET","params":{},"path":"/api/dashboard/stats","query":{},"status":200},"timestamp":"2026-03-08T18:33:04.422Z"}
{"level":"info","message":"Retrieved 0 students successfully","timestamp":"2026-03-08T18:33:05.789Z"}
{"level":"info","message":{"duration":"10ms","method":"GET","params":{},"path":"/api/students","query":{},"status":304},"timestamp":"2026-03-08T18:33:05.793Z"}
{"activeCourses":0,"activeStudents":0,"courseCounts":[],"graduates":0,"level":"info","message":"Dashboard statistics retrieved successfully:","successRate":0,"timestamp":"2026-03-08T18:33:05.815Z","totalCourses":0,"totalStudents":0}
{"level":"info","message":{"duration":"32ms","method":"GET","params":{},"path":"/api/dashboard/stats","query":{},"status":304},"timestamp":"2026-03-08T18:33:05.818Z"}
{"level":"info","message":"Retrieved 0 courses successfully","timestamp":"2026-03-08T18:33:07.933Z"}
{"level":"info","message":{"duration":"6ms","method":"GET","params":{},"path":"/api/courses","query":{},"status":304},"timestamp":"2026-03-08T18:33:07.935Z"}
{"level":"info","message":"Retrieved 0 students successfully","timestamp":"2026-03-08T18:33:12.835Z"}
{"level":"info","message":{"duration":"5ms","method":"GET","params":{},"path":"/api/students","query":{},"status":304},"timestamp":"2026-03-08T18:33:12.836Z"}
{"activeCourses":0,"activeStudents":0,"courseCounts":[],"graduates":0,"level":"info","message":"Dashboard statistics retrieved successfully:","successRate":0,"timestamp":"2026-03-08T18:33:12.843Z","totalCourses":0,"totalStudents":0}
{"level":"info","message":{"duration":"15ms","method":"GET","params":{},"path":"/api/dashboard/stats","query":{},"status":304},"timestamp":"2026-03-08T18:33:12.845Z"}
{"level":"info","message":"Retrieved 0 students successfully","timestamp":"2026-03-08T18:33:27.255Z"}
{"level":"info","message":{"duration":"5ms","method":"GET","params":{},"path":"/api/students","query":{},"status":304},"timestamp":"2026-03-08T18:33:27.257Z"}
{"activeCourses":0,"activeStudents":0,"courseCounts":[],"graduates":0,"level":"info","message":"Dashboard statistics retrieved successfully:","successRate":0,"timestamp":"2026-03-08T18:33:27.283Z","totalCourses":0,"totalStudents":0}
{"level":"info","message":{"duration":"32ms","method":"GET","params":{},"path":"/api/dashboard/stats","query":{},"status":304},"timestamp":"2026-03-08T18:33:27.286Z"}
{"level":"info","message":"Retrieved 0 courses successfully","timestamp":"2026-03-08T18:49:02.280Z"}
{"level":"info","message":{"duration":"46ms","method":"GET","params":{},"path":"/api/courses","query":{},"status":304},"timestamp":"2026-03-08T18:49:02.293Z"}
{"courseId":"69adc4c14f255563f090bdf5","level":"info","message":"New course created:","name":"Applications Web","timestamp":"2026-03-08T18:49:37.231Z"}
{"level":"info","message":{"body":{"description":"créer des applis web","duration":2,"name":"Applications Web","status":"active"},"duration":"69ms","method":"POST","params":{},"path":"/api/courses","query":{},"status":201},"timestamp":"2026-03-08T18:49:37.235Z"}
{"level":"info","message":"Retrieved 1 courses successfully","timestamp":"2026-03-08T18:49:37.247Z"}
{"level":"info","message":{"duration":"9ms","method":"GET","params":{},"path":"/api/courses","query":{},"status":200},"timestamp":"2026-03-08T18:49:37.249Z"}
{"activeCourses":1,"activeStudents":0,"courseCounts":[],"graduates":0,"level":"info","message":"Dashboard statistics retrieved successfully:","successRate":0,"timestamp":"2026-03-08T18:49:37.304Z","totalCourses":1,"totalStudents":0}
{"level":"info","message":{"duration":"49ms","method":"GET","params":{},"path":"/api/dashboard/stats","query":{},"status":200},"timestamp":"2026-03-08T18:49:37.305Z"}
{"level":"info","message":"Retrieved 1 courses successfully","timestamp":"2026-03-08T18:50:06.962Z"}
{"level":"info","message":{"duration":"2ms","method":"GET","params":{},"path":"/api/courses","query":{},"status":304},"timestamp":"2026-03-08T18:50:06.963Z"}
{"level":"info","message":"Retrieved 0 students successfully","timestamp":"2026-03-08T18:50:07.035Z"}
{"level":"info","message":{"duration":"8ms","method":"GET","params":{},"path":"/api/students","query":{},"status":304},"timestamp":"2026-03-08T18:50:07.036Z"}
{"activeCourses":1,"activeStudents":0,"courseCounts":[],"graduates":0,"level":"info","message":"Dashboard statistics retrieved successfully:","successRate":0,"timestamp":"2026-03-08T18:50:07.048Z","totalCourses":1,"totalStudents":0}
{"level":"info","message":{"duration":"20ms","method":"GET","params":{},"path":"/api/dashboard/stats","query":{},"status":304},"timestamp":"2026-03-08T18:50:07.050Z"}
{"level":"info","message":"Retrieved 1 courses successfully","timestamp":"2026-03-08T18:50:36.945Z"}
{"level":"info","message":{"duration":"43ms","method":"GET","params":{},"path":"/api/courses","query":{},"status":304},"timestamp":"2026-03-08T18:50:36.978Z"}
{"level":"info","message":"Retrieved 0 students successfully","timestamp":"2026-03-08T18:50:37.007Z"}
{"level":"info","message":{"duration":"10ms","method":"GET","params":{},"path":"/api/students","query":{},"status":304},"timestamp":"2026-03-08T18:50:37.010Z"}
{"activeCourses":1,"activeStudents":0,"courseCounts":[],"graduates":0,"level":"info","message":"Dashboard statistics retrieved successfully:","successRate":0,"timestamp":"2026-03-08T18:50:37.037Z","totalCourses":1,"totalStudents":0}
{"level":"info","message":{"duration":"27ms","method":"GET","params":{},"path":"/api/dashboard/stats","query":{},"status":304},"timestamp":"2026-03-08T18:50:37.038Z"}
